<?xml version="1.0" encoding="utf-8"?>
<TestRun id="028d8c74-ebf2-4000-a4d3-9e87ccd6286f" name="Mario@DESKTOP-03JTJV2 2024-11-23 07:03:22" runUser="DESKTOP-03JTJV2\Mario" xmlns="http://microsoft.com/schemas/VisualStudio/TeamTest/2010">
  <Times creation="2024-11-23T07:03:22.5936708-05:00" queuing="2024-11-23T07:03:22.5936712-05:00" start="2024-11-23T07:03:21.4715489-05:00" finish="2024-11-23T07:03:22.6639410-05:00" />
  <TestSettings name="default" id="9221ca7a-8c45-44ec-b533-676b3ea00a89">
    <Deployment runDeploymentRoot="Mario_DESKTOP-03JTJV2_2024-11-23_07_03_22" />
  </TestSettings>
  <Results>
    <UnitTestResult executionId="f338834d-1bcc-46e5-bbb5-7ca63917ed01" testId="2c517892-49e9-0c11-cb10-8c6b0d723bb5" testName="UsuarioPremiumRealizaOperacionesSinLimite" computerName="DESKTOP-03JTJV2" duration="00:00:00.0010770" startTime="2024-11-23T07:03:22.5090635-05:00" endTime="2024-11-23T07:03:22.5101408-05:00" testType="13cdc9d9-ddb5-4fa4-a97d-d965ccfc6d4b" outcome="Passed" testListId="8c84fa94-04c1-424b-9868-57a2d4851a1d" relativeResultsDirectory="f338834d-1bcc-46e5-bbb5-7ca63917ed01">
      <Output>
        <StdOut>Given un usuario con id 2 y suscripción "premium"&#xD;
-&gt; done: OperacionesPDFFeatureSteps.DadoUnUsuarioConSuscripcion(2, "premium") (0.0s)&#xD;
When intento realizar una operación "conversion"&#xD;
-&gt; done: OperacionesPDFFeatureSteps.CuandoIntentoRealizarUnaOperacion("conversion") (0.0s)&#xD;
Then la operación debería realizarse correctamente&#xD;
-&gt; done: OperacionesPDFFeatureSteps.EntoncesLaOperacionDeberiaRealizarseCorrectamente() (0.0s)</StdOut>
      </Output>
    </UnitTestResult>
    <UnitTestResult executionId="b065039e-908b-4064-bd94-a66f31096b48" testId="7c7fcdcf-86fb-cfaf-0213-32dbc81881b0" testName="RegistroExitoso" computerName="DESKTOP-03JTJV2" duration="00:00:00.0080649" startTime="2024-11-23T07:03:22.5124340-05:00" endTime="2024-11-23T07:03:22.5204991-05:00" testType="13cdc9d9-ddb5-4fa4-a97d-d965ccfc6d4b" outcome="Passed" testListId="8c84fa94-04c1-424b-9868-57a2d4851a1d" relativeResultsDirectory="b065039e-908b-4064-bd94-a66f31096b48">
      <Output>
        <StdOut>Given un nuevo usuario con nombre "Nuevo Usuario", correo "nuevo@test.com" y contraseña "newpass123"&#xD;
-&gt; done: RegistroUsuarioFeatureSteps.DadoUnNuevoUsuario("Nuevo Usuario", "nuevo@test.com", "newpass123") (0.0s)&#xD;
When intento registrar el usuario&#xD;
-&gt; done: RegistroUsuarioFeatureSteps.CuandoIntentoRegistrarElUsuario() (0.0s)&#xD;
Then el usuario debería registrarse correctamente&#xD;
-&gt; done: RegistroUsuarioFeatureSteps.EntoncesElUsuarioDeberiaRegistrarseCorrectamente() (0.0s)</StdOut>
      </Output>
    </UnitTestResult>
    <UnitTestResult executionId="c9b2148e-d322-4cfe-8072-a823489b145d" testId="a101fd59-00d5-6cf4-6a17-fca1e2eb331b" testName="RegistrarUsuario_WithEmptyPassword_ThrowsArgumentException" computerName="DESKTOP-03JTJV2" duration="00:00:00.0018680" startTime="2024-11-23T07:03:22.5720379-05:00" endTime="2024-11-23T07:03:22.5739051-05:00" testType="13cdc9d9-ddb5-4fa4-a97d-d965ccfc6d4b" outcome="Passed" testListId="8c84fa94-04c1-424b-9868-57a2d4851a1d" relativeResultsDirectory="c9b2148e-d322-4cfe-8072-a823489b145d" />
    <UnitTestResult executionId="0090ed6e-1bd7-47e3-a2f8-0af3528af052" testId="41b120ac-62ef-3ed5-db23-54c697fa0ba1" testName="LoginFallidoConCorreoVacio" computerName="DESKTOP-03JTJV2" duration="00:00:00.0016760" startTime="2024-11-23T07:03:22.4776114-05:00" endTime="2024-11-23T07:03:22.4792872-05:00" testType="13cdc9d9-ddb5-4fa4-a97d-d965ccfc6d4b" outcome="Passed" testListId="8c84fa94-04c1-424b-9868-57a2d4851a1d" relativeResultsDirectory="0090ed6e-1bd7-47e3-a2f8-0af3528af052">
      <Output>
        <StdOut>Given un usuario con correo "" y contraseña "password123"&#xD;
-&gt; done: LoginFeatureSteps.DadoUnUsuarioConCorreoYContrasena("", "password123") (0.0s)&#xD;
When intento iniciar sesión&#xD;
-&gt; done: LoginFeatureSteps.CuandoIntentoIniciarSesion() (0.0s)&#xD;
Then debería ver un mensaje de error&#xD;
-&gt; done: LoginFeatureSteps.EntoncesDeberiaVerUnMensajeDeError() (0.0s)</StdOut>
      </Output>
    </UnitTestResult>
    <UnitTestResult executionId="7459766a-7350-4938-8dc9-b54693e505bb" testId="ed38b0cf-b648-c69b-4748-aefd8800c79f" testName="ObtenerPorUsuarioId_InvalidUsuarioId_ReturnsNull" computerName="DESKTOP-03JTJV2" duration="00:00:00.0076060" startTime="2024-11-23T07:03:22.4300015-05:00" endTime="2024-11-23T07:03:22.4376065-05:00" testType="13cdc9d9-ddb5-4fa4-a97d-d965ccfc6d4b" outcome="Passed" testListId="8c84fa94-04c1-424b-9868-57a2d4851a1d" relativeResultsDirectory="7459766a-7350-4938-8dc9-b54693e505bb" />
    <UnitTestResult executionId="9ad65032-8878-4208-9014-eae45c94896c" testId="1ec00688-5e54-3c5d-874b-e51e7200c275" testName="LoginExitoso" computerName="DESKTOP-03JTJV2" duration="00:00:00.0255930" startTime="2024-11-23T07:03:22.4519856-05:00" endTime="2024-11-23T07:03:22.4775778-05:00" testType="13cdc9d9-ddb5-4fa4-a97d-d965ccfc6d4b" outcome="Passed" testListId="8c84fa94-04c1-424b-9868-57a2d4851a1d" relativeResultsDirectory="9ad65032-8878-4208-9014-eae45c94896c">
      <Output>
        <StdOut>Given un usuario con correo "test@test.com" y contraseña "password123"&#xD;
-&gt; done: LoginFeatureSteps.DadoUnUsuarioConCorreoYContrasena("test@test.com", "password123") (0.0s)&#xD;
When intento iniciar sesión&#xD;
-&gt; done: LoginFeatureSteps.CuandoIntentoIniciarSesion() (0.0s)&#xD;
Then debería iniciar sesión correctamente&#xD;
-&gt; done: LoginFeatureSteps.EntoncesDeberiaIniciarSesionCorrectamente() (0.0s)</StdOut>
      </Output>
    </UnitTestResult>
    <UnitTestResult executionId="e98fea98-f417-49d9-8806-5f2cff182c8f" testId="907c981b-46a6-90fb-fd68-5c6212bdbe31" testName="ContarOperacionesRealizadas_InvalidUsuarioId_ReturnsZero" computerName="DESKTOP-03JTJV2" duration="00:00:00.0061710" startTime="2024-11-23T07:03:22.5238693-05:00" endTime="2024-11-23T07:03:22.5300400-05:00" testType="13cdc9d9-ddb5-4fa4-a97d-d965ccfc6d4b" outcome="Passed" testListId="8c84fa94-04c1-424b-9868-57a2d4851a1d" relativeResultsDirectory="e98fea98-f417-49d9-8806-5f2cff182c8f" />
    <UnitTestResult executionId="da04ab3b-493c-4179-bb39-f8b3ddc42a72" testId="cc2ed7a8-df3f-e275-1139-39bb1411c597" testName="Login_WithValidCredentials_ReturnsUser" computerName="DESKTOP-03JTJV2" duration="00:00:00.0020310" startTime="2024-11-23T07:03:22.5612295-05:00" endTime="2024-11-23T07:03:22.5632599-05:00" testType="13cdc9d9-ddb5-4fa4-a97d-d965ccfc6d4b" outcome="Passed" testListId="8c84fa94-04c1-424b-9868-57a2d4851a1d" relativeResultsDirectory="da04ab3b-493c-4179-bb39-f8b3ddc42a72" />
    <UnitTestResult executionId="b193df15-afb2-4bed-9bc7-71000e502b01" testId="fd7786e0-4e5d-524a-a99a-4759e5a4fb42" testName="RegistrarUsuario_WithEmptyEmail_ThrowsArgumentException" computerName="DESKTOP-03JTJV2" duration="00:00:00.0029560" startTime="2024-11-23T07:03:22.5690471-05:00" endTime="2024-11-23T07:03:22.5720030-05:00" testType="13cdc9d9-ddb5-4fa4-a97d-d965ccfc6d4b" outcome="Passed" testListId="8c84fa94-04c1-424b-9868-57a2d4851a1d" relativeResultsDirectory="b193df15-afb2-4bed-9bc7-71000e502b01" />
    <UnitTestResult executionId="3599da7b-36b0-458a-aa85-c8487dc17aba" testId="b30ceab3-7e13-ebb8-a0c6-6b5e2477e816" testName="ObtenerOperacionesPorUsuario_InvalidUsuarioId_ReturnsEmptyList" computerName="DESKTOP-03JTJV2" duration="00:00:00.0011190" startTime="2024-11-23T07:03:22.5307096-05:00" endTime="2024-11-23T07:03:22.5318283-05:00" testType="13cdc9d9-ddb5-4fa4-a97d-d965ccfc6d4b" outcome="Passed" testListId="8c84fa94-04c1-424b-9868-57a2d4851a1d" relativeResultsDirectory="3599da7b-36b0-458a-aa85-c8487dc17aba" />
    <UnitTestResult executionId="28dce03f-3e95-468d-8dbf-c6bac28df19c" testId="337127b4-79b0-8142-edac-045a5466c0ba" testName="ObtenerUsuarios_ReturnsUserList" computerName="DESKTOP-03JTJV2" duration="00:00:00.0013480" startTime="2024-11-23T07:03:22.5676683-05:00" endTime="2024-11-23T07:03:22.5690165-05:00" testType="13cdc9d9-ddb5-4fa4-a97d-d965ccfc6d4b" outcome="Passed" testListId="8c84fa94-04c1-424b-9868-57a2d4851a1d" relativeResultsDirectory="28dce03f-3e95-468d-8dbf-c6bac28df19c" />
    <UnitTestResult executionId="2d289b26-43c8-464d-95b2-bc1dc8825fd8" testId="9100dae1-cf11-589b-d7d2-37ade1fdc64f" testName="UsuarioBasicoExcedeLimiteDeOperaciones" computerName="DESKTOP-03JTJV2" duration="00:00:00.0078940" startTime="2024-11-23T07:03:22.4825856-05:00" endTime="2024-11-23T07:03:22.4904795-05:00" testType="13cdc9d9-ddb5-4fa4-a97d-d965ccfc6d4b" outcome="Passed" testListId="8c84fa94-04c1-424b-9868-57a2d4851a1d" relativeResultsDirectory="2d289b26-43c8-464d-95b2-bc1dc8825fd8">
      <Output>
        <StdOut>Given un usuario con id 1 y suscripción "basico"&#xD;
-&gt; done: OperacionesPDFFeatureSteps.DadoUnUsuarioConSuscripcion(1, "basico") (0.0s)&#xD;
When intento realizar una operación "conversion"&#xD;
-&gt; done: OperacionesPDFFeatureSteps.CuandoIntentoRealizarUnaOperacion("conversion") (0.0s)&#xD;
And intento realizar una operación "conversion"&#xD;
-&gt; done: OperacionesPDFFeatureSteps.CuandoIntentoRealizarUnaOperacion("conversion") (0.0s)&#xD;
And intento realizar una operación "conversion"&#xD;
-&gt; done: OperacionesPDFFeatureSteps.CuandoIntentoRealizarUnaOperacion("conversion") (0.0s)&#xD;
And intento realizar una operación "conversion"&#xD;
-&gt; done: OperacionesPDFFeatureSteps.CuandoIntentoRealizarUnaOperacion("conversion") (0.0s)&#xD;
And intento realizar una operación "conversion"&#xD;
-&gt; done: OperacionesPDFFeatureSteps.CuandoIntentoRealizarUnaOperacion("conversion") (0.0s)&#xD;
And intento realizar una operación "conversion"&#xD;
-&gt; done: OperacionesPDFFeatureSteps.CuandoIntentoRealizarUnaOperacion("conversion") (0.0s)&#xD;
Then la operación debería ser rechazada&#xD;
-&gt; done: OperacionesPDFFeatureSteps.EntoncesLaOperacionDeberiaSerRechazada() (0.0s)</StdOut>
      </Output>
    </UnitTestResult>
    <UnitTestResult executionId="3dc8f4bb-0097-4313-9fe8-2f27fdcca9d9" testId="0c801950-58c4-828b-7fec-0342669066f3" testName="ObtenerOperacionesPorUsuario_ValidUsuarioId_ReturnsOperaciones" computerName="DESKTOP-03JTJV2" duration="00:00:00.0005270" startTime="2024-11-23T07:03:22.5318601-05:00" endTime="2024-11-23T07:03:22.5323869-05:00" testType="13cdc9d9-ddb5-4fa4-a97d-d965ccfc6d4b" outcome="Passed" testListId="8c84fa94-04c1-424b-9868-57a2d4851a1d" relativeResultsDirectory="3dc8f4bb-0097-4313-9fe8-2f27fdcca9d9" />
    <UnitTestResult executionId="881d5a64-aa23-4beb-9d9c-d3d0bfc16cb7" testId="f43bc73f-481b-6045-998a-d47d39dbf24f" testName="RegistroFallidoConDatosIncompletos" computerName="DESKTOP-03JTJV2" duration="00:00:00.0005250" startTime="2024-11-23T07:03:22.5229620-05:00" endTime="2024-11-23T07:03:22.5234866-05:00" testType="13cdc9d9-ddb5-4fa4-a97d-d965ccfc6d4b" outcome="Passed" testListId="8c84fa94-04c1-424b-9868-57a2d4851a1d" relativeResultsDirectory="881d5a64-aa23-4beb-9d9c-d3d0bfc16cb7">
      <Output>
        <StdOut>Given un nuevo usuario con nombre "", correo "" y contraseña ""&#xD;
-&gt; done: RegistroUsuarioFeatureSteps.DadoUnNuevoUsuario("", "", "") (0.0s)&#xD;
When intento registrar el usuario&#xD;
-&gt; done: RegistroUsuarioFeatureSteps.CuandoIntentoRegistrarElUsuario() (0.0s)&#xD;
Then debería ver un mensaje de error de registro&#xD;
-&gt; done: RegistroUsuarioFeatureSteps.EntoncesDeberiaVerUnMensajeDeErrorDeRegistro() (0.0s)</StdOut>
      </Output>
    </UnitTestResult>
    <UnitTestResult executionId="50482d39-08e2-4e5a-afb0-93ba85249a26" testId="cf1b8907-2f02-9a57-b52e-326ada6827bb" testName="ActualizarSuscripcion_InvalidData_ThrowsException" computerName="DESKTOP-03JTJV2" duration="00:00:00.0866340" startTime="2024-11-23T07:03:22.3339596-05:00" endTime="2024-11-23T07:03:22.4205183-05:00" testType="13cdc9d9-ddb5-4fa4-a97d-d965ccfc6d4b" outcome="Passed" testListId="8c84fa94-04c1-424b-9868-57a2d4851a1d" relativeResultsDirectory="50482d39-08e2-4e5a-afb0-93ba85249a26" />
    <UnitTestResult executionId="42849c2c-41da-41c1-8069-7029a526d158" testId="0606b363-345d-89f0-85e2-611625c2f9a0" testName="LoginFallidoConCredencialesInvalidas" computerName="DESKTOP-03JTJV2" duration="00:00:00.0008470" startTime="2024-11-23T07:03:22.4793145-05:00" endTime="2024-11-23T07:03:22.4801612-05:00" testType="13cdc9d9-ddb5-4fa4-a97d-d965ccfc6d4b" outcome="Passed" testListId="8c84fa94-04c1-424b-9868-57a2d4851a1d" relativeResultsDirectory="42849c2c-41da-41c1-8069-7029a526d158">
      <Output>
        <StdOut>Given un usuario con correo "invalid@test.com" y contraseña "wrongpass"&#xD;
-&gt; done: LoginFeatureSteps.DadoUnUsuarioConCorreoYContrasena("invalid@test.com", "wrongpass") (0.0s)&#xD;
When intento iniciar sesión&#xD;
-&gt; done: LoginFeatureSteps.CuandoIntentoIniciarSesion() (0.0s)&#xD;
Then debería ver un mensaje de error&#xD;
-&gt; done: LoginFeatureSteps.EntoncesDeberiaVerUnMensajeDeError() (0.0s)</StdOut>
      </Output>
    </UnitTestResult>
    <UnitTestResult executionId="63437bd3-be26-4d0b-be1d-e6e8d08cb660" testId="edb9e72f-732b-2df7-97e8-42f4a4cfc3c2" testName="RegistrarOperacionPDF_ValidData_ReturnsTrue" computerName="DESKTOP-03JTJV2" duration="00:00:00.0072030" startTime="2024-11-23T07:03:22.5324019-05:00" endTime="2024-11-23T07:03:22.5396038-05:00" testType="13cdc9d9-ddb5-4fa4-a97d-d965ccfc6d4b" outcome="Passed" testListId="8c84fa94-04c1-424b-9868-57a2d4851a1d" relativeResultsDirectory="63437bd3-be26-4d0b-be1d-e6e8d08cb660" />
    <UnitTestResult executionId="a5732183-4f68-456c-bb12-a2ecd813ec77" testId="f486c3ac-ea38-b343-0a41-f6e3ee532314" testName="Login_WithInvalidCredentials_ReturnsNull" computerName="DESKTOP-03JTJV2" duration="00:00:00.0011800" startTime="2024-11-23T07:03:22.5600126-05:00" endTime="2024-11-23T07:03:22.5611925-05:00" testType="13cdc9d9-ddb5-4fa4-a97d-d965ccfc6d4b" outcome="Passed" testListId="8c84fa94-04c1-424b-9868-57a2d4851a1d" relativeResultsDirectory="a5732183-4f68-456c-bb12-a2ecd813ec77" />
    <UnitTestResult executionId="daa6c817-8fdd-45f1-b5e8-984ae7ffcf87" testId="4d2c6187-64b2-cd22-5db1-5138ede31542" testName="RegistroFallidoConCorreoExistente" computerName="DESKTOP-03JTJV2" duration="00:00:00.0022180" startTime="2024-11-23T07:03:22.5207201-05:00" endTime="2024-11-23T07:03:22.5229379-05:00" testType="13cdc9d9-ddb5-4fa4-a97d-d965ccfc6d4b" outcome="Passed" testListId="8c84fa94-04c1-424b-9868-57a2d4851a1d" relativeResultsDirectory="daa6c817-8fdd-45f1-b5e8-984ae7ffcf87">
      <Output>
        <StdOut>Given un nuevo usuario con nombre "Usuario Duplicado", correo "test@test.com" y contraseña "pass123"&#xD;
-&gt; done: RegistroUsuarioFeatureSteps.DadoUnNuevoUsuario("Usuario Duplicado", "test@test.com", "pass123") (0.0s)&#xD;
When intento registrar el usuario&#xD;
-&gt; done: RegistroUsuarioFeatureSteps.CuandoIntentoRegistrarElUsuario() (0.0s)&#xD;
Then debería ver un mensaje de error de registro&#xD;
-&gt; done: RegistroUsuarioFeatureSteps.EntoncesDeberiaVerUnMensajeDeErrorDeRegistro() (0.0s)</StdOut>
      </Output>
    </UnitTestResult>
    <UnitTestResult executionId="f50b1a01-2233-4f09-b101-8a4ecbd9e1a5" testId="d23ee3e6-b0dc-1528-04f1-ae4ce599d963" testName="ContarOperacionesRealizadas_ValidUsuarioId_ReturnsCorrectCount" computerName="DESKTOP-03JTJV2" duration="00:00:00.0006269" startTime="2024-11-23T07:03:22.5300639-05:00" endTime="2024-11-23T07:03:22.5306900-05:00" testType="13cdc9d9-ddb5-4fa4-a97d-d965ccfc6d4b" outcome="Passed" testListId="8c84fa94-04c1-424b-9868-57a2d4851a1d" relativeResultsDirectory="f50b1a01-2233-4f09-b101-8a4ecbd9e1a5" />
    <UnitTestResult executionId="ef18ae63-82d9-4a33-b93b-f981fe41c29b" testId="ca6dc916-7f7e-fc59-e668-fa85cae4399e" testName="ObtenerUsuarioPorId_WithValidId_ReturnsUser" computerName="DESKTOP-03JTJV2" duration="00:00:00.0014090" startTime="2024-11-23T07:03:22.5632956-05:00" endTime="2024-11-23T07:03:22.5647041-05:00" testType="13cdc9d9-ddb5-4fa4-a97d-d965ccfc6d4b" outcome="Passed" testListId="8c84fa94-04c1-424b-9868-57a2d4851a1d" relativeResultsDirectory="ef18ae63-82d9-4a33-b93b-f981fe41c29b" />
    <UnitTestResult executionId="86d1c3c5-7942-4bb1-83d8-7ba481ddd584" testId="c55b1a2d-2ab4-231c-adcf-55763781be0c" testName="UsuarioBasicoRealizaOperacionDentroDelLimite" computerName="DESKTOP-03JTJV2" duration="00:00:00.0044880" startTime="2024-11-23T07:03:22.4937635-05:00" endTime="2024-11-23T07:03:22.4982519-05:00" testType="13cdc9d9-ddb5-4fa4-a97d-d965ccfc6d4b" outcome="Passed" testListId="8c84fa94-04c1-424b-9868-57a2d4851a1d" relativeResultsDirectory="86d1c3c5-7942-4bb1-83d8-7ba481ddd584">
      <Output>
        <StdOut>Given un usuario con id 1 y suscripción "basico"&#xD;
-&gt; done: OperacionesPDFFeatureSteps.DadoUnUsuarioConSuscripcion(1, "basico") (0.0s)&#xD;
When intento realizar una operación "conversion"&#xD;
-&gt; done: OperacionesPDFFeatureSteps.CuandoIntentoRealizarUnaOperacion("conversion") (0.0s)&#xD;
Then la operación debería realizarse correctamente&#xD;
-&gt; done: OperacionesPDFFeatureSteps.EntoncesLaOperacionDeberiaRealizarseCorrectamente() (0.0s)</StdOut>
      </Output>
    </UnitTestResult>
    <UnitTestResult executionId="fff87084-ed27-4dd0-a8cd-61a95648e873" testId="4e1c93d0-3c70-b4e9-e88b-dbfc7a061a51" testName="ValidarOperacion_ValidUsuarioId_ReturnsTrue" computerName="DESKTOP-03JTJV2" duration="00:00:00.0004300" startTime="2024-11-23T07:03:22.5414224-05:00" endTime="2024-11-23T07:03:22.5418526-05:00" testType="13cdc9d9-ddb5-4fa4-a97d-d965ccfc6d4b" outcome="Passed" testListId="8c84fa94-04c1-424b-9868-57a2d4851a1d" relativeResultsDirectory="fff87084-ed27-4dd0-a8cd-61a95648e873" />
    <UnitTestResult executionId="96231cc2-b0b3-441b-94bd-d80ec749633d" testId="2bcc75c1-eda8-5374-317c-82777e389e21" testName="ObtenerPorUsuarioId_ValidUsuarioId_ReturnsDetalleSuscripcion" computerName="DESKTOP-03JTJV2" duration="00:00:00.0106480" startTime="2024-11-23T07:03:22.4376662-05:00" endTime="2024-11-23T07:03:22.4483142-05:00" testType="13cdc9d9-ddb5-4fa4-a97d-d965ccfc6d4b" outcome="Passed" testListId="8c84fa94-04c1-424b-9868-57a2d4851a1d" relativeResultsDirectory="96231cc2-b0b3-441b-94bd-d80ec749633d" />
    <UnitTestResult executionId="5c10af99-a181-415e-a11f-8e663d7fc2ce" testId="7d4803b4-080b-5543-3a1e-8c9f0dfb7559" testName="RegistrarUsuario_WithNewEmail_Succeeds" computerName="DESKTOP-03JTJV2" duration="00:00:00.0009730" startTime="2024-11-23T07:03:22.5739343-05:00" endTime="2024-11-23T07:03:22.5749065-05:00" testType="13cdc9d9-ddb5-4fa4-a97d-d965ccfc6d4b" outcome="Passed" testListId="8c84fa94-04c1-424b-9868-57a2d4851a1d" relativeResultsDirectory="5c10af99-a181-415e-a11f-8e663d7fc2ce" />
    <UnitTestResult executionId="d260e71d-c357-4cca-bb12-104b353320fc" testId="92d7c8fd-d657-0662-4f2a-967ee5ae146e" testName="Login_WithEmptyEmail_ThrowsArgumentException" computerName="DESKTOP-03JTJV2" duration="00:00:00.0027970" startTime="2024-11-23T07:03:22.5420311-05:00" endTime="2024-11-23T07:03:22.5448273-05:00" testType="13cdc9d9-ddb5-4fa4-a97d-d965ccfc6d4b" outcome="Passed" testListId="8c84fa94-04c1-424b-9868-57a2d4851a1d" relativeResultsDirectory="d260e71d-c357-4cca-bb12-104b353320fc" />
    <UnitTestResult executionId="8aaeb992-89bc-4c95-8a57-f8f89f18653a" testId="1fb458f6-7b3a-91a9-7e4d-e5864b28dbab" testName="ActualizarSuscripcion_ValidData_UpdatesSuscripcion" computerName="DESKTOP-03JTJV2" duration="00:00:00.0079340" startTime="2024-11-23T07:03:22.4220351-05:00" endTime="2024-11-23T07:03:22.4299694-05:00" testType="13cdc9d9-ddb5-4fa4-a97d-d965ccfc6d4b" outcome="Passed" testListId="8c84fa94-04c1-424b-9868-57a2d4851a1d" relativeResultsDirectory="8aaeb992-89bc-4c95-8a57-f8f89f18653a" />
    <UnitTestResult executionId="e6f84df6-dac3-4bb9-88b7-aafdfc37cfe3" testId="d5a50123-fb74-6b6f-431a-41f426edd539" testName="RegistrarUsuario_WithNullUser_ThrowsArgumentNullException" computerName="DESKTOP-03JTJV2" duration="00:00:00.0024460" startTime="2024-11-23T07:03:22.5751254-05:00" endTime="2024-11-23T07:03:22.5775713-05:00" testType="13cdc9d9-ddb5-4fa4-a97d-d965ccfc6d4b" outcome="Passed" testListId="8c84fa94-04c1-424b-9868-57a2d4851a1d" relativeResultsDirectory="e6f84df6-dac3-4bb9-88b7-aafdfc37cfe3" />
    <UnitTestResult executionId="fd92ef92-1143-4ce7-b901-2627db98c0be" testId="e76a8fed-6f4b-cccd-b8df-97b14e384ca9" testName="ValidarOperacion_InvalidUsuarioId_ReturnsFalse" computerName="DESKTOP-03JTJV2" duration="00:00:00.0008550" startTime="2024-11-23T07:03:22.5405444-05:00" endTime="2024-11-23T07:03:22.5414005-05:00" testType="13cdc9d9-ddb5-4fa4-a97d-d965ccfc6d4b" outcome="Passed" testListId="8c84fa94-04c1-424b-9868-57a2d4851a1d" relativeResultsDirectory="fd92ef92-1143-4ce7-b901-2627db98c0be" />
    <UnitTestResult executionId="70c63c77-dec1-441c-87eb-bd127cd9d1a8" testId="d4d8858b-8da8-666b-9e67-d4e02b038fc4" testName="Login_WithEmptyPassword_ThrowsArgumentException" computerName="DESKTOP-03JTJV2" duration="00:00:00.0146800" startTime="2024-11-23T07:03:22.5448590-05:00" endTime="2024-11-23T07:03:22.5595382-05:00" testType="13cdc9d9-ddb5-4fa4-a97d-d965ccfc6d4b" outcome="Passed" testListId="8c84fa94-04c1-424b-9868-57a2d4851a1d" relativeResultsDirectory="70c63c77-dec1-441c-87eb-bd127cd9d1a8" />
    <UnitTestResult executionId="de2dcfb9-48fa-447b-abf8-e0fb016e5cec" testId="0e0f72c5-5196-71f9-729f-25a220c7c635" testName="ObtenerUsuarioPorId_WithZeroId_ThrowsArgumentException" computerName="DESKTOP-03JTJV2" duration="00:00:00.0027540" startTime="2024-11-23T07:03:22.5648535-05:00" endTime="2024-11-23T07:03:22.5676071-05:00" testType="13cdc9d9-ddb5-4fa4-a97d-d965ccfc6d4b" outcome="Passed" testListId="8c84fa94-04c1-424b-9868-57a2d4851a1d" relativeResultsDirectory="de2dcfb9-48fa-447b-abf8-e0fb016e5cec" />
  </Results>
  <TestDefinitions>
    <UnitTest name="ActualizarSuscripcion_ValidData_UpdatesSuscripcion" storage="d:\nueva carpeta (11)\nueva carpeta\proyecto-si784-2024-ii-u1-floresr_salinas_ticahuanca\negociopdf.tests\bin\debug\net8.0\negociopdf.tests.dll" id="1fb458f6-7b3a-91a9-7e4d-e5864b28dbab">
      <Execution id="8aaeb992-89bc-4c95-8a57-f8f89f18653a" />
      <TestMethod codeBase="D:\Nueva carpeta (11)\Nueva carpeta\proyecto-si784-2024-ii-u1-FloresR_Salinas_ticahuanca\NegocioPDF.Tests\bin\Debug\net8.0\NegocioPDF.Tests.dll" adapterTypeName="executor://nunit3testexecutor/" className="NegocioPDF.Tests.DetalleSuscripcionRepositoryTests" name="ActualizarSuscripcion_ValidData_UpdatesSuscripcion" />
    </UnitTest>
    <UnitTest name="ObtenerPorUsuarioId_InvalidUsuarioId_ReturnsNull" storage="d:\nueva carpeta (11)\nueva carpeta\proyecto-si784-2024-ii-u1-floresr_salinas_ticahuanca\negociopdf.tests\bin\debug\net8.0\negociopdf.tests.dll" id="ed38b0cf-b648-c69b-4748-aefd8800c79f">
      <Execution id="7459766a-7350-4938-8dc9-b54693e505bb" />
      <TestMethod codeBase="D:\Nueva carpeta (11)\Nueva carpeta\proyecto-si784-2024-ii-u1-FloresR_Salinas_ticahuanca\NegocioPDF.Tests\bin\Debug\net8.0\NegocioPDF.Tests.dll" adapterTypeName="executor://nunit3testexecutor/" className="NegocioPDF.Tests.DetalleSuscripcionRepositoryTests" name="ObtenerPorUsuarioId_InvalidUsuarioId_ReturnsNull" />
    </UnitTest>
    <UnitTest name="UsuarioPremiumRealizaOperacionesSinLimite" storage="d:\nueva carpeta (11)\nueva carpeta\proyecto-si784-2024-ii-u1-floresr_salinas_ticahuanca\negociopdf.tests\bin\debug\net8.0\negociopdf.tests.dll" id="2c517892-49e9-0c11-cb10-8c6b0d723bb5">
      <Execution id="f338834d-1bcc-46e5-bbb5-7ca63917ed01" />
      <TestMethod codeBase="D:\Nueva carpeta (11)\Nueva carpeta\proyecto-si784-2024-ii-u1-FloresR_Salinas_ticahuanca\NegocioPDF.Tests\bin\Debug\net8.0\NegocioPDF.Tests.dll" adapterTypeName="executor://nunit3testexecutor/" className="NegocioPDF.Tests.Features.OperacionesConPDFsFeature" name="UsuarioPremiumRealizaOperacionesSinLimite" />
    </UnitTest>
    <UnitTest name="UsuarioBasicoExcedeLimiteDeOperaciones" storage="d:\nueva carpeta (11)\nueva carpeta\proyecto-si784-2024-ii-u1-floresr_salinas_ticahuanca\negociopdf.tests\bin\debug\net8.0\negociopdf.tests.dll" id="9100dae1-cf11-589b-d7d2-37ade1fdc64f">
      <Execution id="2d289b26-43c8-464d-95b2-bc1dc8825fd8" />
      <TestMethod codeBase="D:\Nueva carpeta (11)\Nueva carpeta\proyecto-si784-2024-ii-u1-FloresR_Salinas_ticahuanca\NegocioPDF.Tests\bin\Debug\net8.0\NegocioPDF.Tests.dll" adapterTypeName="executor://nunit3testexecutor/" className="NegocioPDF.Tests.Features.OperacionesConPDFsFeature" name="UsuarioBasicoExcedeLimiteDeOperaciones" />
    </UnitTest>
    <UnitTest name="RegistrarUsuario_WithEmptyPassword_ThrowsArgumentException" storage="d:\nueva carpeta (11)\nueva carpeta\proyecto-si784-2024-ii-u1-floresr_salinas_ticahuanca\negociopdf.tests\bin\debug\net8.0\negociopdf.tests.dll" id="a101fd59-00d5-6cf4-6a17-fca1e2eb331b">
      <Execution id="c9b2148e-d322-4cfe-8072-a823489b145d" />
      <TestMethod codeBase="D:\Nueva carpeta (11)\Nueva carpeta\proyecto-si784-2024-ii-u1-FloresR_Salinas_ticahuanca\NegocioPDF.Tests\bin\Debug\net8.0\NegocioPDF.Tests.dll" adapterTypeName="executor://nunit3testexecutor/" className="NegocioPDF.Tests.UsuarioRepositoryTests" name="RegistrarUsuario_WithEmptyPassword_ThrowsArgumentException" />
    </UnitTest>
    <UnitTest name="RegistroFallidoConDatosIncompletos" storage="d:\nueva carpeta (11)\nueva carpeta\proyecto-si784-2024-ii-u1-floresr_salinas_ticahuanca\negociopdf.tests\bin\debug\net8.0\negociopdf.tests.dll" id="f43bc73f-481b-6045-998a-d47d39dbf24f">
      <Execution id="881d5a64-aa23-4beb-9d9c-d3d0bfc16cb7" />
      <TestMethod codeBase="D:\Nueva carpeta (11)\Nueva carpeta\proyecto-si784-2024-ii-u1-FloresR_Salinas_ticahuanca\NegocioPDF.Tests\bin\Debug\net8.0\NegocioPDF.Tests.dll" adapterTypeName="executor://nunit3testexecutor/" className="NegocioPDF.Tests.Features.RegistroDeUsuarioFeature" name="RegistroFallidoConDatosIncompletos" />
    </UnitTest>
    <UnitTest name="LoginFallidoConCredencialesInvalidas" storage="d:\nueva carpeta (11)\nueva carpeta\proyecto-si784-2024-ii-u1-floresr_salinas_ticahuanca\negociopdf.tests\bin\debug\net8.0\negociopdf.tests.dll" id="0606b363-345d-89f0-85e2-611625c2f9a0">
      <Execution id="42849c2c-41da-41c1-8069-7029a526d158" />
      <TestMethod codeBase="D:\Nueva carpeta (11)\Nueva carpeta\proyecto-si784-2024-ii-u1-FloresR_Salinas_ticahuanca\NegocioPDF.Tests\bin\Debug\net8.0\NegocioPDF.Tests.dll" adapterTypeName="executor://nunit3testexecutor/" className="NegocioPDF.Tests.Features.LoginDeUsuarioFeature" name="LoginFallidoConCredencialesInvalidas" />
    </UnitTest>
    <UnitTest name="RegistroExitoso" storage="d:\nueva carpeta (11)\nueva carpeta\proyecto-si784-2024-ii-u1-floresr_salinas_ticahuanca\negociopdf.tests\bin\debug\net8.0\negociopdf.tests.dll" id="7c7fcdcf-86fb-cfaf-0213-32dbc81881b0">
      <Execution id="b065039e-908b-4064-bd94-a66f31096b48" />
      <TestMethod codeBase="D:\Nueva carpeta (11)\Nueva carpeta\proyecto-si784-2024-ii-u1-FloresR_Salinas_ticahuanca\NegocioPDF.Tests\bin\Debug\net8.0\NegocioPDF.Tests.dll" adapterTypeName="executor://nunit3testexecutor/" className="NegocioPDF.Tests.Features.RegistroDeUsuarioFeature" name="RegistroExitoso" />
    </UnitTest>
    <UnitTest name="LoginExitoso" storage="d:\nueva carpeta (11)\nueva carpeta\proyecto-si784-2024-ii-u1-floresr_salinas_ticahuanca\negociopdf.tests\bin\debug\net8.0\negociopdf.tests.dll" id="1ec00688-5e54-3c5d-874b-e51e7200c275">
      <Execution id="9ad65032-8878-4208-9014-eae45c94896c" />
      <TestMethod codeBase="D:\Nueva carpeta (11)\Nueva carpeta\proyecto-si784-2024-ii-u1-FloresR_Salinas_ticahuanca\NegocioPDF.Tests\bin\Debug\net8.0\NegocioPDF.Tests.dll" adapterTypeName="executor://nunit3testexecutor/" className="NegocioPDF.Tests.Features.LoginDeUsuarioFeature" name="LoginExitoso" />
    </UnitTest>
    <UnitTest name="ObtenerPorUsuarioId_ValidUsuarioId_ReturnsDetalleSuscripcion" storage="d:\nueva carpeta (11)\nueva carpeta\proyecto-si784-2024-ii-u1-floresr_salinas_ticahuanca\negociopdf.tests\bin\debug\net8.0\negociopdf.tests.dll" id="2bcc75c1-eda8-5374-317c-82777e389e21">
      <Execution id="96231cc2-b0b3-441b-94bd-d80ec749633d" />
      <TestMethod codeBase="D:\Nueva carpeta (11)\Nueva carpeta\proyecto-si784-2024-ii-u1-FloresR_Salinas_ticahuanca\NegocioPDF.Tests\bin\Debug\net8.0\NegocioPDF.Tests.dll" adapterTypeName="executor://nunit3testexecutor/" className="NegocioPDF.Tests.DetalleSuscripcionRepositoryTests" name="ObtenerPorUsuarioId_ValidUsuarioId_ReturnsDetalleSuscripcion" />
    </UnitTest>
    <UnitTest name="LoginFallidoConCorreoVacio" storage="d:\nueva carpeta (11)\nueva carpeta\proyecto-si784-2024-ii-u1-floresr_salinas_ticahuanca\negociopdf.tests\bin\debug\net8.0\negociopdf.tests.dll" id="41b120ac-62ef-3ed5-db23-54c697fa0ba1">
      <Execution id="0090ed6e-1bd7-47e3-a2f8-0af3528af052" />
      <TestMethod codeBase="D:\Nueva carpeta (11)\Nueva carpeta\proyecto-si784-2024-ii-u1-FloresR_Salinas_ticahuanca\NegocioPDF.Tests\bin\Debug\net8.0\NegocioPDF.Tests.dll" adapterTypeName="executor://nunit3testexecutor/" className="NegocioPDF.Tests.Features.LoginDeUsuarioFeature" name="LoginFallidoConCorreoVacio" />
    </UnitTest>
    <UnitTest name="UsuarioBasicoRealizaOperacionDentroDelLimite" storage="d:\nueva carpeta (11)\nueva carpeta\proyecto-si784-2024-ii-u1-floresr_salinas_ticahuanca\negociopdf.tests\bin\debug\net8.0\negociopdf.tests.dll" id="c55b1a2d-2ab4-231c-adcf-55763781be0c">
      <Execution id="86d1c3c5-7942-4bb1-83d8-7ba481ddd584" />
      <TestMethod codeBase="D:\Nueva carpeta (11)\Nueva carpeta\proyecto-si784-2024-ii-u1-FloresR_Salinas_ticahuanca\NegocioPDF.Tests\bin\Debug\net8.0\NegocioPDF.Tests.dll" adapterTypeName="executor://nunit3testexecutor/" className="NegocioPDF.Tests.Features.OperacionesConPDFsFeature" name="UsuarioBasicoRealizaOperacionDentroDelLimite" />
    </UnitTest>
    <UnitTest name="ObtenerUsuarios_ReturnsUserList" storage="d:\nueva carpeta (11)\nueva carpeta\proyecto-si784-2024-ii-u1-floresr_salinas_ticahuanca\negociopdf.tests\bin\debug\net8.0\negociopdf.tests.dll" id="337127b4-79b0-8142-edac-045a5466c0ba">
      <Execution id="28dce03f-3e95-468d-8dbf-c6bac28df19c" />
      <TestMethod codeBase="D:\Nueva carpeta (11)\Nueva carpeta\proyecto-si784-2024-ii-u1-FloresR_Salinas_ticahuanca\NegocioPDF.Tests\bin\Debug\net8.0\NegocioPDF.Tests.dll" adapterTypeName="executor://nunit3testexecutor/" className="NegocioPDF.Tests.UsuarioRepositoryTests" name="ObtenerUsuarios_ReturnsUserList" />
    </UnitTest>
    <UnitTest name="ObtenerOperacionesPorUsuario_InvalidUsuarioId_ReturnsEmptyList" storage="d:\nueva carpeta (11)\nueva carpeta\proyecto-si784-2024-ii-u1-floresr_salinas_ticahuanca\negociopdf.tests\bin\debug\net8.0\negociopdf.tests.dll" id="b30ceab3-7e13-ebb8-a0c6-6b5e2477e816">
      <Execution id="3599da7b-36b0-458a-aa85-c8487dc17aba" />
      <TestMethod codeBase="D:\Nueva carpeta (11)\Nueva carpeta\proyecto-si784-2024-ii-u1-FloresR_Salinas_ticahuanca\NegocioPDF.Tests\bin\Debug\net8.0\NegocioPDF.Tests.dll" adapterTypeName="executor://nunit3testexecutor/" className="NegocioPDF.Tests.OperacionesPDFRepositoryTests" name="ObtenerOperacionesPorUsuario_InvalidUsuarioId_ReturnsEmptyList" />
    </UnitTest>
    <UnitTest name="ObtenerOperacionesPorUsuario_ValidUsuarioId_ReturnsOperaciones" storage="d:\nueva carpeta (11)\nueva carpeta\proyecto-si784-2024-ii-u1-floresr_salinas_ticahuanca\negociopdf.tests\bin\debug\net8.0\negociopdf.tests.dll" id="0c801950-58c4-828b-7fec-0342669066f3">
      <Execution id="3dc8f4bb-0097-4313-9fe8-2f27fdcca9d9" />
      <TestMethod codeBase="D:\Nueva carpeta (11)\Nueva carpeta\proyecto-si784-2024-ii-u1-FloresR_Salinas_ticahuanca\NegocioPDF.Tests\bin\Debug\net8.0\NegocioPDF.Tests.dll" adapterTypeName="executor://nunit3testexecutor/" className="NegocioPDF.Tests.OperacionesPDFRepositoryTests" name="ObtenerOperacionesPorUsuario_ValidUsuarioId_ReturnsOperaciones" />
    </UnitTest>
    <UnitTest name="ObtenerUsuarioPorId_WithValidId_ReturnsUser" storage="d:\nueva carpeta (11)\nueva carpeta\proyecto-si784-2024-ii-u1-floresr_salinas_ticahuanca\negociopdf.tests\bin\debug\net8.0\negociopdf.tests.dll" id="ca6dc916-7f7e-fc59-e668-fa85cae4399e">
      <Execution id="ef18ae63-82d9-4a33-b93b-f981fe41c29b" />
      <TestMethod codeBase="D:\Nueva carpeta (11)\Nueva carpeta\proyecto-si784-2024-ii-u1-FloresR_Salinas_ticahuanca\NegocioPDF.Tests\bin\Debug\net8.0\NegocioPDF.Tests.dll" adapterTypeName="executor://nunit3testexecutor/" className="NegocioPDF.Tests.UsuarioRepositoryTests" name="ObtenerUsuarioPorId_WithValidId_ReturnsUser" />
    </UnitTest>
    <UnitTest name="ActualizarSuscripcion_InvalidData_ThrowsException" storage="d:\nueva carpeta (11)\nueva carpeta\proyecto-si784-2024-ii-u1-floresr_salinas_ticahuanca\negociopdf.tests\bin\debug\net8.0\negociopdf.tests.dll" id="cf1b8907-2f02-9a57-b52e-326ada6827bb">
      <Execution id="50482d39-08e2-4e5a-afb0-93ba85249a26" />
      <TestMethod codeBase="D:\Nueva carpeta (11)\Nueva carpeta\proyecto-si784-2024-ii-u1-FloresR_Salinas_ticahuanca\NegocioPDF.Tests\bin\Debug\net8.0\NegocioPDF.Tests.dll" adapterTypeName="executor://nunit3testexecutor/" className="NegocioPDF.Tests.DetalleSuscripcionRepositoryTests" name="ActualizarSuscripcion_InvalidData_ThrowsException" />
    </UnitTest>
    <UnitTest name="ContarOperacionesRealizadas_ValidUsuarioId_ReturnsCorrectCount" storage="d:\nueva carpeta (11)\nueva carpeta\proyecto-si784-2024-ii-u1-floresr_salinas_ticahuanca\negociopdf.tests\bin\debug\net8.0\negociopdf.tests.dll" id="d23ee3e6-b0dc-1528-04f1-ae4ce599d963">
      <Execution id="f50b1a01-2233-4f09-b101-8a4ecbd9e1a5" />
      <TestMethod codeBase="D:\Nueva carpeta (11)\Nueva carpeta\proyecto-si784-2024-ii-u1-FloresR_Salinas_ticahuanca\NegocioPDF.Tests\bin\Debug\net8.0\NegocioPDF.Tests.dll" adapterTypeName="executor://nunit3testexecutor/" className="NegocioPDF.Tests.OperacionesPDFRepositoryTests" name="ContarOperacionesRealizadas_ValidUsuarioId_ReturnsCorrectCount" />
    </UnitTest>
    <UnitTest name="Login_WithEmptyPassword_ThrowsArgumentException" storage="d:\nueva carpeta (11)\nueva carpeta\proyecto-si784-2024-ii-u1-floresr_salinas_ticahuanca\negociopdf.tests\bin\debug\net8.0\negociopdf.tests.dll" id="d4d8858b-8da8-666b-9e67-d4e02b038fc4">
      <Execution id="70c63c77-dec1-441c-87eb-bd127cd9d1a8" />
      <TestMethod codeBase="D:\Nueva carpeta (11)\Nueva carpeta\proyecto-si784-2024-ii-u1-FloresR_Salinas_ticahuanca\NegocioPDF.Tests\bin\Debug\net8.0\NegocioPDF.Tests.dll" adapterTypeName="executor://nunit3testexecutor/" className="NegocioPDF.Tests.UsuarioRepositoryTests" name="Login_WithEmptyPassword_ThrowsArgumentException" />
    </UnitTest>
    <UnitTest name="RegistroFallidoConCorreoExistente" storage="d:\nueva carpeta (11)\nueva carpeta\proyecto-si784-2024-ii-u1-floresr_salinas_ticahuanca\negociopdf.tests\bin\debug\net8.0\negociopdf.tests.dll" id="4d2c6187-64b2-cd22-5db1-5138ede31542">
      <Execution id="daa6c817-8fdd-45f1-b5e8-984ae7ffcf87" />
      <TestMethod codeBase="D:\Nueva carpeta (11)\Nueva carpeta\proyecto-si784-2024-ii-u1-FloresR_Salinas_ticahuanca\NegocioPDF.Tests\bin\Debug\net8.0\NegocioPDF.Tests.dll" adapterTypeName="executor://nunit3testexecutor/" className="NegocioPDF.Tests.Features.RegistroDeUsuarioFeature" name="RegistroFallidoConCorreoExistente" />
    </UnitTest>
    <UnitTest name="ContarOperacionesRealizadas_InvalidUsuarioId_ReturnsZero" storage="d:\nueva carpeta (11)\nueva carpeta\proyecto-si784-2024-ii-u1-floresr_salinas_ticahuanca\negociopdf.tests\bin\debug\net8.0\negociopdf.tests.dll" id="907c981b-46a6-90fb-fd68-5c6212bdbe31">
      <Execution id="e98fea98-f417-49d9-8806-5f2cff182c8f" />
      <TestMethod codeBase="D:\Nueva carpeta (11)\Nueva carpeta\proyecto-si784-2024-ii-u1-FloresR_Salinas_ticahuanca\NegocioPDF.Tests\bin\Debug\net8.0\NegocioPDF.Tests.dll" adapterTypeName="executor://nunit3testexecutor/" className="NegocioPDF.Tests.OperacionesPDFRepositoryTests" name="ContarOperacionesRealizadas_InvalidUsuarioId_ReturnsZero" />
    </UnitTest>
    <UnitTest name="Login_WithInvalidCredentials_ReturnsNull" storage="d:\nueva carpeta (11)\nueva carpeta\proyecto-si784-2024-ii-u1-floresr_salinas_ticahuanca\negociopdf.tests\bin\debug\net8.0\negociopdf.tests.dll" id="f486c3ac-ea38-b343-0a41-f6e3ee532314">
      <Execution id="a5732183-4f68-456c-bb12-a2ecd813ec77" />
      <TestMethod codeBase="D:\Nueva carpeta (11)\Nueva carpeta\proyecto-si784-2024-ii-u1-FloresR_Salinas_ticahuanca\NegocioPDF.Tests\bin\Debug\net8.0\NegocioPDF.Tests.dll" adapterTypeName="executor://nunit3testexecutor/" className="NegocioPDF.Tests.UsuarioRepositoryTests" name="Login_WithInvalidCredentials_ReturnsNull" />
    </UnitTest>
    <UnitTest name="Login_WithEmptyEmail_ThrowsArgumentException" storage="d:\nueva carpeta (11)\nueva carpeta\proyecto-si784-2024-ii-u1-floresr_salinas_ticahuanca\negociopdf.tests\bin\debug\net8.0\negociopdf.tests.dll" id="92d7c8fd-d657-0662-4f2a-967ee5ae146e">
      <Execution id="d260e71d-c357-4cca-bb12-104b353320fc" />
      <TestMethod codeBase="D:\Nueva carpeta (11)\Nueva carpeta\proyecto-si784-2024-ii-u1-FloresR_Salinas_ticahuanca\NegocioPDF.Tests\bin\Debug\net8.0\NegocioPDF.Tests.dll" adapterTypeName="executor://nunit3testexecutor/" className="NegocioPDF.Tests.UsuarioRepositoryTests" name="Login_WithEmptyEmail_ThrowsArgumentException" />
    </UnitTest>
    <UnitTest name="RegistrarUsuario_WithEmptyEmail_ThrowsArgumentException" storage="d:\nueva carpeta (11)\nueva carpeta\proyecto-si784-2024-ii-u1-floresr_salinas_ticahuanca\negociopdf.tests\bin\debug\net8.0\negociopdf.tests.dll" id="fd7786e0-4e5d-524a-a99a-4759e5a4fb42">
      <Execution id="b193df15-afb2-4bed-9bc7-71000e502b01" />
      <TestMethod codeBase="D:\Nueva carpeta (11)\Nueva carpeta\proyecto-si784-2024-ii-u1-FloresR_Salinas_ticahuanca\NegocioPDF.Tests\bin\Debug\net8.0\NegocioPDF.Tests.dll" adapterTypeName="executor://nunit3testexecutor/" className="NegocioPDF.Tests.UsuarioRepositoryTests" name="RegistrarUsuario_WithEmptyEmail_ThrowsArgumentException" />
    </UnitTest>
    <UnitTest name="ObtenerUsuarioPorId_WithZeroId_ThrowsArgumentException" storage="d:\nueva carpeta (11)\nueva carpeta\proyecto-si784-2024-ii-u1-floresr_salinas_ticahuanca\negociopdf.tests\bin\debug\net8.0\negociopdf.tests.dll" id="0e0f72c5-5196-71f9-729f-25a220c7c635">
      <Execution id="de2dcfb9-48fa-447b-abf8-e0fb016e5cec" />
      <TestMethod codeBase="D:\Nueva carpeta (11)\Nueva carpeta\proyecto-si784-2024-ii-u1-FloresR_Salinas_ticahuanca\NegocioPDF.Tests\bin\Debug\net8.0\NegocioPDF.Tests.dll" adapterTypeName="executor://nunit3testexecutor/" className="NegocioPDF.Tests.UsuarioRepositoryTests" name="ObtenerUsuarioPorId_WithZeroId_ThrowsArgumentException" />
    </UnitTest>
    <UnitTest name="RegistrarUsuario_WithNewEmail_Succeeds" storage="d:\nueva carpeta (11)\nueva carpeta\proyecto-si784-2024-ii-u1-floresr_salinas_ticahuanca\negociopdf.tests\bin\debug\net8.0\negociopdf.tests.dll" id="7d4803b4-080b-5543-3a1e-8c9f0dfb7559">
      <Execution id="5c10af99-a181-415e-a11f-8e663d7fc2ce" />
      <TestMethod codeBase="D:\Nueva carpeta (11)\Nueva carpeta\proyecto-si784-2024-ii-u1-FloresR_Salinas_ticahuanca\NegocioPDF.Tests\bin\Debug\net8.0\NegocioPDF.Tests.dll" adapterTypeName="executor://nunit3testexecutor/" className="NegocioPDF.Tests.UsuarioRepositoryTests" name="RegistrarUsuario_WithNewEmail_Succeeds" />
    </UnitTest>
    <UnitTest name="Login_WithValidCredentials_ReturnsUser" storage="d:\nueva carpeta (11)\nueva carpeta\proyecto-si784-2024-ii-u1-floresr_salinas_ticahuanca\negociopdf.tests\bin\debug\net8.0\negociopdf.tests.dll" id="cc2ed7a8-df3f-e275-1139-39bb1411c597">
      <Execution id="da04ab3b-493c-4179-bb39-f8b3ddc42a72" />
      <TestMethod codeBase="D:\Nueva carpeta (11)\Nueva carpeta\proyecto-si784-2024-ii-u1-FloresR_Salinas_ticahuanca\NegocioPDF.Tests\bin\Debug\net8.0\NegocioPDF.Tests.dll" adapterTypeName="executor://nunit3testexecutor/" className="NegocioPDF.Tests.UsuarioRepositoryTests" name="Login_WithValidCredentials_ReturnsUser" />
    </UnitTest>
    <UnitTest name="ValidarOperacion_InvalidUsuarioId_ReturnsFalse" storage="d:\nueva carpeta (11)\nueva carpeta\proyecto-si784-2024-ii-u1-floresr_salinas_ticahuanca\negociopdf.tests\bin\debug\net8.0\negociopdf.tests.dll" id="e76a8fed-6f4b-cccd-b8df-97b14e384ca9">
      <Execution id="fd92ef92-1143-4ce7-b901-2627db98c0be" />
      <TestMethod codeBase="D:\Nueva carpeta (11)\Nueva carpeta\proyecto-si784-2024-ii-u1-FloresR_Salinas_ticahuanca\NegocioPDF.Tests\bin\Debug\net8.0\NegocioPDF.Tests.dll" adapterTypeName="executor://nunit3testexecutor/" className="NegocioPDF.Tests.OperacionesPDFRepositoryTests" name="ValidarOperacion_InvalidUsuarioId_ReturnsFalse" />
    </UnitTest>
    <UnitTest name="RegistrarUsuario_WithNullUser_ThrowsArgumentNullException" storage="d:\nueva carpeta (11)\nueva carpeta\proyecto-si784-2024-ii-u1-floresr_salinas_ticahuanca\negociopdf.tests\bin\debug\net8.0\negociopdf.tests.dll" id="d5a50123-fb74-6b6f-431a-41f426edd539">
      <Execution id="e6f84df6-dac3-4bb9-88b7-aafdfc37cfe3" />
      <TestMethod codeBase="D:\Nueva carpeta (11)\Nueva carpeta\proyecto-si784-2024-ii-u1-FloresR_Salinas_ticahuanca\NegocioPDF.Tests\bin\Debug\net8.0\NegocioPDF.Tests.dll" adapterTypeName="executor://nunit3testexecutor/" className="NegocioPDF.Tests.UsuarioRepositoryTests" name="RegistrarUsuario_WithNullUser_ThrowsArgumentNullException" />
    </UnitTest>
    <UnitTest name="ValidarOperacion_ValidUsuarioId_ReturnsTrue" storage="d:\nueva carpeta (11)\nueva carpeta\proyecto-si784-2024-ii-u1-floresr_salinas_ticahuanca\negociopdf.tests\bin\debug\net8.0\negociopdf.tests.dll" id="4e1c93d0-3c70-b4e9-e88b-dbfc7a061a51">
      <Execution id="fff87084-ed27-4dd0-a8cd-61a95648e873" />
      <TestMethod codeBase="D:\Nueva carpeta (11)\Nueva carpeta\proyecto-si784-2024-ii-u1-FloresR_Salinas_ticahuanca\NegocioPDF.Tests\bin\Debug\net8.0\NegocioPDF.Tests.dll" adapterTypeName="executor://nunit3testexecutor/" className="NegocioPDF.Tests.OperacionesPDFRepositoryTests" name="ValidarOperacion_ValidUsuarioId_ReturnsTrue" />
    </UnitTest>
    <UnitTest name="RegistrarOperacionPDF_ValidData_ReturnsTrue" storage="d:\nueva carpeta (11)\nueva carpeta\proyecto-si784-2024-ii-u1-floresr_salinas_ticahuanca\negociopdf.tests\bin\debug\net8.0\negociopdf.tests.dll" id="edb9e72f-732b-2df7-97e8-42f4a4cfc3c2">
      <Execution id="63437bd3-be26-4d0b-be1d-e6e8d08cb660" />
      <TestMethod codeBase="D:\Nueva carpeta (11)\Nueva carpeta\proyecto-si784-2024-ii-u1-FloresR_Salinas_ticahuanca\NegocioPDF.Tests\bin\Debug\net8.0\NegocioPDF.Tests.dll" adapterTypeName="executor://nunit3testexecutor/" className="NegocioPDF.Tests.OperacionesPDFRepositoryTests" name="RegistrarOperacionPDF_ValidData_ReturnsTrue" />
    </UnitTest>
  </TestDefinitions>
  <TestEntries>
    <TestEntry testId="2c517892-49e9-0c11-cb10-8c6b0d723bb5" executionId="f338834d-1bcc-46e5-bbb5-7ca63917ed01" testListId="8c84fa94-04c1-424b-9868-57a2d4851a1d" />
    <TestEntry testId="7c7fcdcf-86fb-cfaf-0213-32dbc81881b0" executionId="b065039e-908b-4064-bd94-a66f31096b48" testListId="8c84fa94-04c1-424b-9868-57a2d4851a1d" />
    <TestEntry testId="a101fd59-00d5-6cf4-6a17-fca1e2eb331b" executionId="c9b2148e-d322-4cfe-8072-a823489b145d" testListId="8c84fa94-04c1-424b-9868-57a2d4851a1d" />
    <TestEntry testId="41b120ac-62ef-3ed5-db23-54c697fa0ba1" executionId="0090ed6e-1bd7-47e3-a2f8-0af3528af052" testListId="8c84fa94-04c1-424b-9868-57a2d4851a1d" />
    <TestEntry testId="ed38b0cf-b648-c69b-4748-aefd8800c79f" executionId="7459766a-7350-4938-8dc9-b54693e505bb" testListId="8c84fa94-04c1-424b-9868-57a2d4851a1d" />
    <TestEntry testId="1ec00688-5e54-3c5d-874b-e51e7200c275" executionId="9ad65032-8878-4208-9014-eae45c94896c" testListId="8c84fa94-04c1-424b-9868-57a2d4851a1d" />
    <TestEntry testId="907c981b-46a6-90fb-fd68-5c6212bdbe31" executionId="e98fea98-f417-49d9-8806-5f2cff182c8f" testListId="8c84fa94-04c1-424b-9868-57a2d4851a1d" />
    <TestEntry testId="cc2ed7a8-df3f-e275-1139-39bb1411c597" executionId="da04ab3b-493c-4179-bb39-f8b3ddc42a72" testListId="8c84fa94-04c1-424b-9868-57a2d4851a1d" />
    <TestEntry testId="fd7786e0-4e5d-524a-a99a-4759e5a4fb42" executionId="b193df15-afb2-4bed-9bc7-71000e502b01" testListId="8c84fa94-04c1-424b-9868-57a2d4851a1d" />
    <TestEntry testId="b30ceab3-7e13-ebb8-a0c6-6b5e2477e816" executionId="3599da7b-36b0-458a-aa85-c8487dc17aba" testListId="8c84fa94-04c1-424b-9868-57a2d4851a1d" />
    <TestEntry testId="337127b4-79b0-8142-edac-045a5466c0ba" executionId="28dce03f-3e95-468d-8dbf-c6bac28df19c" testListId="8c84fa94-04c1-424b-9868-57a2d4851a1d" />
    <TestEntry testId="9100dae1-cf11-589b-d7d2-37ade1fdc64f" executionId="2d289b26-43c8-464d-95b2-bc1dc8825fd8" testListId="8c84fa94-04c1-424b-9868-57a2d4851a1d" />
    <TestEntry testId="0c801950-58c4-828b-7fec-0342669066f3" executionId="3dc8f4bb-0097-4313-9fe8-2f27fdcca9d9" testListId="8c84fa94-04c1-424b-9868-57a2d4851a1d" />
    <TestEntry testId="f43bc73f-481b-6045-998a-d47d39dbf24f" executionId="881d5a64-aa23-4beb-9d9c-d3d0bfc16cb7" testListId="8c84fa94-04c1-424b-9868-57a2d4851a1d" />
    <TestEntry testId="cf1b8907-2f02-9a57-b52e-326ada6827bb" executionId="50482d39-08e2-4e5a-afb0-93ba85249a26" testListId="8c84fa94-04c1-424b-9868-57a2d4851a1d" />
    <TestEntry testId="0606b363-345d-89f0-85e2-611625c2f9a0" executionId="42849c2c-41da-41c1-8069-7029a526d158" testListId="8c84fa94-04c1-424b-9868-57a2d4851a1d" />
    <TestEntry testId="edb9e72f-732b-2df7-97e8-42f4a4cfc3c2" executionId="63437bd3-be26-4d0b-be1d-e6e8d08cb660" testListId="8c84fa94-04c1-424b-9868-57a2d4851a1d" />
    <TestEntry testId="f486c3ac-ea38-b343-0a41-f6e3ee532314" executionId="a5732183-4f68-456c-bb12-a2ecd813ec77" testListId="8c84fa94-04c1-424b-9868-57a2d4851a1d" />
    <TestEntry testId="4d2c6187-64b2-cd22-5db1-5138ede31542" executionId="daa6c817-8fdd-45f1-b5e8-984ae7ffcf87" testListId="8c84fa94-04c1-424b-9868-57a2d4851a1d" />
    <TestEntry testId="d23ee3e6-b0dc-1528-04f1-ae4ce599d963" executionId="f50b1a01-2233-4f09-b101-8a4ecbd9e1a5" testListId="8c84fa94-04c1-424b-9868-57a2d4851a1d" />
    <TestEntry testId="ca6dc916-7f7e-fc59-e668-fa85cae4399e" executionId="ef18ae63-82d9-4a33-b93b-f981fe41c29b" testListId="8c84fa94-04c1-424b-9868-57a2d4851a1d" />
    <TestEntry testId="c55b1a2d-2ab4-231c-adcf-55763781be0c" executionId="86d1c3c5-7942-4bb1-83d8-7ba481ddd584" testListId="8c84fa94-04c1-424b-9868-57a2d4851a1d" />
    <TestEntry testId="4e1c93d0-3c70-b4e9-e88b-dbfc7a061a51" executionId="fff87084-ed27-4dd0-a8cd-61a95648e873" testListId="8c84fa94-04c1-424b-9868-57a2d4851a1d" />
    <TestEntry testId="2bcc75c1-eda8-5374-317c-82777e389e21" executionId="96231cc2-b0b3-441b-94bd-d80ec749633d" testListId="8c84fa94-04c1-424b-9868-57a2d4851a1d" />
    <TestEntry testId="7d4803b4-080b-5543-3a1e-8c9f0dfb7559" executionId="5c10af99-a181-415e-a11f-8e663d7fc2ce" testListId="8c84fa94-04c1-424b-9868-57a2d4851a1d" />
    <TestEntry testId="92d7c8fd-d657-0662-4f2a-967ee5ae146e" executionId="d260e71d-c357-4cca-bb12-104b353320fc" testListId="8c84fa94-04c1-424b-9868-57a2d4851a1d" />
    <TestEntry testId="1fb458f6-7b3a-91a9-7e4d-e5864b28dbab" executionId="8aaeb992-89bc-4c95-8a57-f8f89f18653a" testListId="8c84fa94-04c1-424b-9868-57a2d4851a1d" />
    <TestEntry testId="d5a50123-fb74-6b6f-431a-41f426edd539" executionId="e6f84df6-dac3-4bb9-88b7-aafdfc37cfe3" testListId="8c84fa94-04c1-424b-9868-57a2d4851a1d" />
    <TestEntry testId="e76a8fed-6f4b-cccd-b8df-97b14e384ca9" executionId="fd92ef92-1143-4ce7-b901-2627db98c0be" testListId="8c84fa94-04c1-424b-9868-57a2d4851a1d" />
    <TestEntry testId="d4d8858b-8da8-666b-9e67-d4e02b038fc4" executionId="70c63c77-dec1-441c-87eb-bd127cd9d1a8" testListId="8c84fa94-04c1-424b-9868-57a2d4851a1d" />
    <TestEntry testId="0e0f72c5-5196-71f9-729f-25a220c7c635" executionId="de2dcfb9-48fa-447b-abf8-e0fb016e5cec" testListId="8c84fa94-04c1-424b-9868-57a2d4851a1d" />
  </TestEntries>
  <TestLists>
    <TestList name="Resultados sin formato de lista" id="8c84fa94-04c1-424b-9868-57a2d4851a1d" />
    <TestList name="Todos los resultados cargados" id="19431567-8539-422a-85d7-44ee4e166bda" />
  </TestLists>
  <ResultSummary outcome="Completed">
    <Counters total="31" executed="31" passed="31" failed="0" error="0" timeout="0" aborted="0" inconclusive="0" passedButRunAborted="0" notRunnable="0" notExecuted="0" disconnected="0" warning="0" completed="0" inProgress="0" pending="0" />
    <Output>
      <StdOut>NUnit Adapter 4.5.0.0: Test execution started&#xD;
Running all tests in D:\Nueva carpeta (11)\Nueva carpeta\proyecto-si784-2024-ii-u1-FloresR_Salinas_ticahuanca\NegocioPDF.Tests\bin\Debug\net8.0\NegocioPDF.Tests.dll&#xD;
   NUnit3TestExecutor discovered 31 of 31 NUnit test cases using Current Discovery mode, Non-Explicit run&#xD;
NUnit Adapter 4.5.0.0: Test execution complete&#xD;
</StdOut>
    </Output>
    <RunInfos>
      <RunInfo computerName="DESKTOP-03JTJV2" outcome="Warning" timestamp="2024-11-23T07:03:22.4791502-05:00">
        <Text>Given un usuario con correo "test@test.com" y contraseña "password123"&#xD;
-&gt; done: LoginFeatureSteps.DadoUnUsuarioConCorreoYContrasena("test@test.com", "password123") (0.0s)&#xD;
When intento iniciar sesión&#xD;
-&gt; done: LoginFeatureSteps.CuandoIntentoIniciarSesion() (0.0s)&#xD;
Then debería iniciar sesión correctamente&#xD;
-&gt; done: LoginFeatureSteps.EntoncesDeberiaIniciarSesionCorrectamente() (0.0s)&#xD;
</Text>
      </RunInfo>
      <RunInfo computerName="DESKTOP-03JTJV2" outcome="Warning" timestamp="2024-11-23T07:03:22.4806544-05:00">
        <Text>Given un usuario con correo "" y contraseña "password123"&#xD;
-&gt; done: LoginFeatureSteps.DadoUnUsuarioConCorreoYContrasena("", "password123") (0.0s)&#xD;
When intento iniciar sesión&#xD;
-&gt; done: LoginFeatureSteps.CuandoIntentoIniciarSesion() (0.0s)&#xD;
Then debería ver un mensaje de error&#xD;
-&gt; done: LoginFeatureSteps.EntoncesDeberiaVerUnMensajeDeError() (0.0s)&#xD;
</Text>
      </RunInfo>
      <RunInfo computerName="DESKTOP-03JTJV2" outcome="Warning" timestamp="2024-11-23T07:03:22.4814916-05:00">
        <Text>Given un usuario con correo "invalid@test.com" y contraseña "wrongpass"&#xD;
-&gt; done: LoginFeatureSteps.DadoUnUsuarioConCorreoYContrasena("invalid@test.com", "wrongpass") (0.0s)&#xD;
When intento iniciar sesión&#xD;
-&gt; done: LoginFeatureSteps.CuandoIntentoIniciarSesion() (0.0s)&#xD;
Then debería ver un mensaje de error&#xD;
-&gt; done: LoginFeatureSteps.EntoncesDeberiaVerUnMensajeDeError() (0.0s)&#xD;
</Text>
      </RunInfo>
      <RunInfo computerName="DESKTOP-03JTJV2" outcome="Warning" timestamp="2024-11-23T07:03:22.4913894-05:00">
        <Text>Given un usuario con id 1 y suscripción "basico"&#xD;
-&gt; done: OperacionesPDFFeatureSteps.DadoUnUsuarioConSuscripcion(1, "basico") (0.0s)&#xD;
When intento realizar una operación "conversion"&#xD;
-&gt; done: OperacionesPDFFeatureSteps.CuandoIntentoRealizarUnaOperacion("conversion") (0.0s)&#xD;
And intento realizar una operación "conversion"&#xD;
-&gt; done: OperacionesPDFFeatureSteps.CuandoIntentoRealizarUnaOperacion("conversion") (0.0s)&#xD;
And intento realizar una operación "conversion"&#xD;
-&gt; done: OperacionesPDFFeatureSteps.CuandoIntentoRealizarUnaOperacion("conversion") (0.0s)&#xD;
And intento realizar una operación "conversion"&#xD;
-&gt; done: OperacionesPDFFeatureSteps.CuandoIntentoRealizarUnaOperacion("conversion") (0.0s)&#xD;
And intento realizar una operación "conversion"&#xD;
-&gt; done: OperacionesPDFFeatureSteps.CuandoIntentoRealizarUnaOperacion("conversion") (0.0s)&#xD;
And intento realizar una operación "conversion"&#xD;
-&gt; done: OperacionesPDFFeatureSteps.CuandoIntentoRealizarUnaOperacion("conversion") (0.0s)&#xD;
Then la operación debería ser rechazada&#xD;
-&gt; done: OperacionesPDFFeatureSteps.EntoncesLaOperacionDeberiaSerRechazada() (0.0s)&#xD;
</Text>
      </RunInfo>
      <RunInfo computerName="DESKTOP-03JTJV2" outcome="Warning" timestamp="2024-11-23T07:03:22.5119312-05:00">
        <Text>Given un usuario con id 1 y suscripción "basico"&#xD;
-&gt; done: OperacionesPDFFeatureSteps.DadoUnUsuarioConSuscripcion(1, "basico") (0.0s)&#xD;
When intento realizar una operación "conversion"&#xD;
-&gt; done: OperacionesPDFFeatureSteps.CuandoIntentoRealizarUnaOperacion("conversion") (0.0s)&#xD;
Then la operación debería realizarse correctamente&#xD;
-&gt; done: OperacionesPDFFeatureSteps.EntoncesLaOperacionDeberiaRealizarseCorrectamente() (0.0s)&#xD;
</Text>
      </RunInfo>
      <RunInfo computerName="DESKTOP-03JTJV2" outcome="Warning" timestamp="2024-11-23T07:03:22.6097550-05:00">
        <Text>Given un usuario con id 2 y suscripción "premium"&#xD;
-&gt; done: OperacionesPDFFeatureSteps.DadoUnUsuarioConSuscripcion(2, "premium") (0.0s)&#xD;
When intento realizar una operación "conversion"&#xD;
-&gt; done: OperacionesPDFFeatureSteps.CuandoIntentoRealizarUnaOperacion("conversion") (0.0s)&#xD;
Then la operación debería realizarse correctamente&#xD;
-&gt; done: OperacionesPDFFeatureSteps.EntoncesLaOperacionDeberiaRealizarseCorrectamente() (0.0s)&#xD;
</Text>
      </RunInfo>
      <RunInfo computerName="DESKTOP-03JTJV2" outcome="Warning" timestamp="2024-11-23T07:03:22.6112769-05:00">
        <Text>Given un nuevo usuario con nombre "Nuevo Usuario", correo "nuevo@test.com" y contraseña "newpass123"&#xD;
-&gt; done: RegistroUsuarioFeatureSteps.DadoUnNuevoUsuario("Nuevo Usuario", "nuevo@test.com", "newpass123") (0.0s)&#xD;
When intento registrar el usuario&#xD;
-&gt; done: RegistroUsuarioFeatureSteps.CuandoIntentoRegistrarElUsuario() (0.0s)&#xD;
Then el usuario debería registrarse correctamente&#xD;
-&gt; done: RegistroUsuarioFeatureSteps.EntoncesElUsuarioDeberiaRegistrarseCorrectamente() (0.0s)&#xD;
</Text>
      </RunInfo>
      <RunInfo computerName="DESKTOP-03JTJV2" outcome="Warning" timestamp="2024-11-23T07:03:22.6122437-05:00">
        <Text>Given un nuevo usuario con nombre "Usuario Duplicado", correo "test@test.com" y contraseña "pass123"&#xD;
-&gt; done: RegistroUsuarioFeatureSteps.DadoUnNuevoUsuario("Usuario Duplicado", "test@test.com", "pass123") (0.0s)&#xD;
When intento registrar el usuario&#xD;
-&gt; done: RegistroUsuarioFeatureSteps.CuandoIntentoRegistrarElUsuario() (0.0s)&#xD;
Then debería ver un mensaje de error de registro&#xD;
-&gt; done: RegistroUsuarioFeatureSteps.EntoncesDeberiaVerUnMensajeDeErrorDeRegistro() (0.0s)&#xD;
</Text>
      </RunInfo>
      <RunInfo computerName="DESKTOP-03JTJV2" outcome="Warning" timestamp="2024-11-23T07:03:22.6130870-05:00">
        <Text>Given un nuevo usuario con nombre "", correo "" y contraseña ""&#xD;
-&gt; done: RegistroUsuarioFeatureSteps.DadoUnNuevoUsuario("", "", "") (0.0s)&#xD;
When intento registrar el usuario&#xD;
-&gt; done: RegistroUsuarioFeatureSteps.CuandoIntentoRegistrarElUsuario() (0.0s)&#xD;
Then debería ver un mensaje de error de registro&#xD;
-&gt; done: RegistroUsuarioFeatureSteps.EntoncesDeberiaVerUnMensajeDeErrorDeRegistro() (0.0s)&#xD;
</Text>
      </RunInfo>
    </RunInfos>
  </ResultSummary>
</TestRun>